<?xml version="1.0" encoding="UTF-8"?>
<!-- Generated by org.testng.reporters.JUnitReportReporter -->
<testsuite skipped="1" hostname="admin-PC" name="demo.NewTestNG" tests="5" failures="0" timestamp="01 Nov 2019 06:44:23 GMT" time="189.181" errors="0">
  <testcase name="k" time="27.655" classname="demo.NewTestNG"/>
  <testcase name="c" time="48.096" classname="demo.NewTestNG"/>
  <testcase name="k" time="28.079" classname="demo.NewTestNG"/>
  <testcase name="f" time="85.351" classname="demo.NewTestNG"/>
  <testcase name="u" classname="demo.NewTestNG">
    <skipped/>
  </testcase> <!-- u -->
</testsuite> <!-- demo.NewTestNG -->
