<?xml version="1.0" encoding="UTF-8"?>
<!-- Generated by org.testng.reporters.JUnitReportReporter -->
<testsuite skipped="0" hostname="admin-PC" name="demo.paralleltestNG" tests="2" failures="0" timestamp="05 Nov 2019 11:11:30 GMT" time="32.257" errors="0">
  <testcase name="test2" time="18.405" classname="demo.paralleltestNG"/>
  <testcase name="test1" time="13.852" classname="demo.paralleltestNG"/>
</testsuite> <!-- demo.paralleltestNG -->
